Flow report for aegis_zero
Tue May 19 16:05:20 2026
Quartus Prime Version 19.1.0 Build 670 09/22/2019 SJ Lite Edition


---------------------
; Table of Contents ;
---------------------
  1. Legal Notice
  2. Flow Summary
  3. Flow Settings
  4. Flow Non-Default Global Settings
  5. Flow Elapsed Time
  6. Flow OS Summary
  7. Flow Log
  8. Flow Messages
  9. Flow Suppressed Messages



----------------
; Legal Notice ;
----------------
Copyright (C) 2019  Intel Corporation. All rights reserved.
Your use of Intel Corporation's design tools, logic functions 
and other software and tools, and any partner logic 
functions, and any output files from any of the foregoing 
(including device programming or simulation files), and any 
associated documentation or information are expressly subject 
to the terms and conditions of the Intel Program License 
Subscription Agreement, the Intel Quartus Prime License Agreement,
the Intel FPGA IP License Agreement, or other applicable license
agreement, including, without limitation, that your use is for
the sole purpose of programming logic devices manufactured by
Intel and sold by Intel or its authorized distributors.  Please
refer to the applicable agreement for further details, at
https://fpgasoftware.intel.com/eula.



+----------------------------------------------------------------------------------+
; Flow Summary                                                                     ;
+------------------------------------+---------------------------------------------+
; Flow Status                        ; Successful - Tue May 19 16:05:20 2026       ;
; Quartus Prime Version              ; 19.1.0 Build 670 09/22/2019 SJ Lite Edition ;
; Revision Name                      ; aegis_zero                                  ;
; Top-level Entity Name              ; top_aegis_zero                              ;
; Family                             ; Cyclone IV E                                ;
; Device                             ; EP4CE115F29C7                               ;
; Timing Models                      ; Final                                       ;
; Total logic elements               ; 26,483 / 114,480 ( 23 % )                   ;
;     Total combinational functions  ; 26,474 / 114,480 ( 23 % )                   ;
;     Dedicated logic registers      ; 423 / 114,480 ( < 1 % )                     ;
; Total registers                    ; 423                                         ;
; Total pins                         ; 264 / 529 ( 50 % )                          ;
; Total virtual pins                 ; 0                                           ;
; Total memory bits                  ; 320,000 / 3,981,312 ( 8 % )                 ;
; Embedded Multiplier 9-bit elements ; 36 / 532 ( 7 % )                            ;
; Total PLLs                         ; 0 / 4 ( 0 % )                               ;
+------------------------------------+---------------------------------------------+


+-----------------------------------------+
; Flow Settings                           ;
+-------------------+---------------------+
; Option            ; Setting             ;
+-------------------+---------------------+
; Start date & time ; 05/19/2026 15:52:41 ;
; Main task         ; Compilation         ;
; Revision Name     ; aegis_zero          ;
+-------------------+---------------------+


+------------------------------------------------------------------------------------------------------------------------------------+
; Flow Non-Default Global Settings                                                                                                   ;
+--------------------------------------+----------------------------------------+---------------+----------------+-------------------+
; Assignment Name                      ; Value                                  ; Default Value ; Entity Name    ; Section Id        ;
+--------------------------------------+----------------------------------------+---------------+----------------+-------------------+
; COMPILER_SIGNATURE_ID                ; 39908817099655.177919876014496         ; --            ; --             ; --                ;
; EDA_DESIGN_INSTANCE_NAME             ; NA                                     ; --            ; --             ; tb_layer2         ;
; EDA_NATIVELINK_SIMULATION_TEST_BENCH ; tb_layer2                              ; --            ; --             ; eda_simulation    ;
; EDA_OUTPUT_DATA_FORMAT               ; Verilog Hdl                            ; --            ; --             ; eda_simulation    ;
; EDA_SIMULATION_TOOL                  ; ModelSim-Altera (Verilog)              ; <None>        ; --             ; --                ;
; EDA_TEST_BENCH_ENABLE_STATUS         ; TEST_BENCH_MODE                        ; --            ; --             ; eda_simulation    ;
; EDA_TEST_BENCH_FILE                  ; tb_aegis_zero_top.v                    ; --            ; --             ; tb_aegis_zero_top ;
; EDA_TEST_BENCH_FILE                  ; tb_layer2.v                            ; --            ; --             ; tb_layer2         ;
; EDA_TEST_BENCH_MODULE_NAME           ; tb_aegis_zero_top                      ; --            ; --             ; tb_aegis_zero_top ;
; EDA_TEST_BENCH_MODULE_NAME           ; tb_layer2                              ; --            ; --             ; tb_layer2         ;
; EDA_TEST_BENCH_NAME                  ; tb_aegis_zero_top                      ; --            ; --             ; eda_simulation    ;
; EDA_TEST_BENCH_NAME                  ; tb_layer2                              ; --            ; --             ; eda_simulation    ;
; EDA_TIME_SCALE                       ; 1 ps                                   ; --            ; --             ; eda_simulation    ;
; MAX_CORE_JUNCTION_TEMP               ; 85                                     ; --            ; --             ; --                ;
; MIN_CORE_JUNCTION_TEMP               ; 0                                      ; --            ; --             ; --                ;
; NOMINAL_CORE_SUPPLY_VOLTAGE          ; 1.2V                                   ; --            ; --             ; --                ;
; PARTITION_COLOR                      ; -- (Not supported for targeted family) ; --            ; top_aegis_zero ; Top               ;
; PARTITION_FITTER_PRESERVATION_LEVEL  ; -- (Not supported for targeted family) ; --            ; top_aegis_zero ; Top               ;
; PARTITION_NETLIST_TYPE               ; -- (Not supported for targeted family) ; --            ; top_aegis_zero ; Top               ;
; POWER_BOARD_THERMAL_MODEL            ; None (CONSERVATIVE)                    ; --            ; --             ; --                ;
; POWER_PRESET_COOLING_SOLUTION        ; 23 MM HEAT SINK WITH 200 LFPM AIRFLOW  ; --            ; --             ; --                ;
; PROJECT_OUTPUT_DIRECTORY             ; output_files                           ; --            ; --             ; --                ;
; TOP_LEVEL_ENTITY                     ; top_aegis_zero                         ; aegis_zero    ; --             ; --                ;
+--------------------------------------+----------------------------------------+---------------+----------------+-------------------+


+--------------------------------------------------------------------------------------------------------------------------+
; Flow Elapsed Time                                                                                                        ;
+----------------------+--------------+-------------------------+---------------------+------------------------------------+
; Module Name          ; Elapsed Time ; Average Processors Used ; Peak Virtual Memory ; Total CPU Time (on all processors) ;
+----------------------+--------------+-------------------------+---------------------+------------------------------------+
; Analysis & Synthesis ; 00:05:01     ; 1.0                     ; 5057 MB             ; 00:05:02                           ;
; Fitter               ; 00:07:01     ; 1.2                     ; 6693 MB             ; 00:10:20                           ;
; Assembler            ; 00:00:05     ; 1.0                     ; 4764 MB             ; 00:00:04                           ;
; Timing Analyzer      ; 00:00:13     ; 1.8                     ; 5236 MB             ; 00:00:17                           ;
; EDA Netlist Writer   ; 00:00:08     ; 1.0                     ; 4733 MB             ; 00:00:07                           ;
; Total                ; 00:12:28     ; --                      ; --                  ; 00:15:50                           ;
+----------------------+--------------+-------------------------+---------------------+------------------------------------+


+------------------------------------------------------------------------------------+
; Flow OS Summary                                                                    ;
+----------------------+------------------+------------+------------+----------------+
; Module Name          ; Machine Hostname ; OS Name    ; OS Version ; Processor type ;
+----------------------+------------------+------------+------------+----------------+
; Analysis & Synthesis ; MiłoszKomputer   ; Windows 10 ; 10.0       ; x86_64         ;
; Fitter               ; MiłoszKomputer   ; Windows 10 ; 10.0       ; x86_64         ;
; Assembler            ; MiłoszKomputer   ; Windows 10 ; 10.0       ; x86_64         ;
; Timing Analyzer      ; MiłoszKomputer   ; Windows 10 ; 10.0       ; x86_64         ;
; EDA Netlist Writer   ; MiłoszKomputer   ; Windows 10 ; 10.0       ; x86_64         ;
+----------------------+------------------+------------+------------+----------------+


------------
; Flow Log ;
------------
quartus_map --read_settings_files=on --write_settings_files=off aegis_zero -c aegis_zero
quartus_fit --read_settings_files=off --write_settings_files=off aegis_zero -c aegis_zero
quartus_asm --read_settings_files=off --write_settings_files=off aegis_zero -c aegis_zero
quartus_sta aegis_zero -c aegis_zero
quartus_eda --read_settings_files=off --write_settings_files=off aegis_zero -c aegis_zero



